0 info it worked if it ends with ok
1 verbose cli [ 'C:\\Program Files\\nodejs\\node.exe',
1 verbose cli   'C:\\Users\\jose.barbosa\\AppData\\Roaming\\npm\\node_modules\\npm\\bin\\npm-cli.js',
1 verbose cli   'start' ]
2 info using npm@3.9.2
3 info using node@v5.1.0
4 verbose run-script [ 'prestart', 'start', 'poststart' ]
5 info lifecycle elias@1.0.0~prestart: elias@1.0.0
6 verbose lifecycle elias@1.0.0~prestart: unsafe-perm in lifecycle true
7 verbose lifecycle elias@1.0.0~prestart: PATH: C:\Users\jose.barbosa\AppData\Roaming\npm\node_modules\npm\bin\node-gyp-bin;C:\kidchenko\eliascecon-bot\node_modules\.bin;C:\Program Files\nodejs;C:\tools\cmder\vendor\conemu-maximus5\ConEmu;C:\tools\cmder\vendor\conemu-maximus5;C:\Program Files\Docker\Docker\Resources\bin;C:\WINDOWS\system32;C:\WINDOWS;C:\WINDOWS\System32\Wbem;C:\WINDOWS\System32\WindowsPowerShell\v1.0\;C:\Users\jose.barbosa\.dnx\bin;C:\Program Files\Microsoft DNX\Dnvm\;C:\Program Files\Microsoft SQL Server\120\Tools\Binn\;C:\Program Files\Microsoft SQL Server\130\Tools\Binn\;C:\Program Files (x86)\Windows Kits\10\Windows Performance Toolkit\;C:\ProgramData\chocolatey\bin;C:\Program Files (x86)\Skype\Phone\;C:\Program Files\Microsoft SQL Server\110\Tools\Binn\;C:\tools\python2;C:\tools\python2\Scripts;C:\Program Files\Git\cmd;C:\Program Files (x86)\PuTTY\;C:\Program Files (x86)\vim\vim74;C:\Program Files\Microsoft\Web Platform Installer\;C:\Users\jose.barbosa\AppData\Roaming\nvm;C:\Program Files\nodejs;C:\Program Files\dotnet\;C:\Users\jose.barbosa\.dnx\runtimes\dnx-clr-win-x86.1.0.0-rc1-update1\bin;C:\Program Files (x86)\Microsoft VS Code\bin;C:\Users\jose.barbosa\AppData\Local\.meteor\;C:\Users\jose.barbosa\AppData\Roaming\npm;C:\Users\jose.barbosa\AppData\Roaming\nvm;C:\Program Files\nodejs;C:\Users\jose.barbosa\AppData\Local\atom\bin
8 verbose lifecycle elias@1.0.0~prestart: CWD: C:\kidchenko\eliascecon-bot
9 silly lifecycle elias@1.0.0~prestart: Args: [ '/d /s /c', 'npm run build' ]
10 silly lifecycle elias@1.0.0~prestart: Returned: code: 0  signal: null
11 info lifecycle elias@1.0.0~start: elias@1.0.0
12 verbose lifecycle elias@1.0.0~start: unsafe-perm in lifecycle true
13 verbose lifecycle elias@1.0.0~start: PATH: C:\Users\jose.barbosa\AppData\Roaming\npm\node_modules\npm\bin\node-gyp-bin;C:\kidchenko\eliascecon-bot\node_modules\.bin;C:\Program Files\nodejs;C:\tools\cmder\vendor\conemu-maximus5\ConEmu;C:\tools\cmder\vendor\conemu-maximus5;C:\Program Files\Docker\Docker\Resources\bin;C:\WINDOWS\system32;C:\WINDOWS;C:\WINDOWS\System32\Wbem;C:\WINDOWS\System32\WindowsPowerShell\v1.0\;C:\Users\jose.barbosa\.dnx\bin;C:\Program Files\Microsoft DNX\Dnvm\;C:\Program Files\Microsoft SQL Server\120\Tools\Binn\;C:\Program Files\Microsoft SQL Server\130\Tools\Binn\;C:\Program Files (x86)\Windows Kits\10\Windows Performance Toolkit\;C:\ProgramData\chocolatey\bin;C:\Program Files (x86)\Skype\Phone\;C:\Program Files\Microsoft SQL Server\110\Tools\Binn\;C:\tools\python2;C:\tools\python2\Scripts;C:\Program Files\Git\cmd;C:\Program Files (x86)\PuTTY\;C:\Program Files (x86)\vim\vim74;C:\Program Files\Microsoft\Web Platform Installer\;C:\Users\jose.barbosa\AppData\Roaming\nvm;C:\Program Files\nodejs;C:\Program Files\dotnet\;C:\Users\jose.barbosa\.dnx\runtimes\dnx-clr-win-x86.1.0.0-rc1-update1\bin;C:\Program Files (x86)\Microsoft VS Code\bin;C:\Users\jose.barbosa\AppData\Local\.meteor\;C:\Users\jose.barbosa\AppData\Roaming\npm;C:\Users\jose.barbosa\AppData\Roaming\nvm;C:\Program Files\nodejs;C:\Users\jose.barbosa\AppData\Local\atom\bin
14 verbose lifecycle elias@1.0.0~start: CWD: C:\kidchenko\eliascecon-bot
15 silly lifecycle elias@1.0.0~start: Args: [ '/d /s /c', 'node dist/index.js' ]
16 silly lifecycle elias@1.0.0~start: Returned: code: 1  signal: null
17 info lifecycle elias@1.0.0~start: Failed to exec start script
18 verbose stack Error: elias@1.0.0 start: `node dist/index.js`
18 verbose stack Exit status 1
18 verbose stack     at EventEmitter.<anonymous> (C:\Users\jose.barbosa\AppData\Roaming\npm\node_modules\npm\lib\utils\lifecycle.js:245:16)
18 verbose stack     at emitTwo (events.js:87:13)
18 verbose stack     at EventEmitter.emit (events.js:172:7)
18 verbose stack     at ChildProcess.<anonymous> (C:\Users\jose.barbosa\AppData\Roaming\npm\node_modules\npm\lib\utils\spawn.js:24:14)
18 verbose stack     at emitTwo (events.js:87:13)
18 verbose stack     at ChildProcess.emit (events.js:172:7)
18 verbose stack     at maybeClose (internal/child_process.js:818:16)
18 verbose stack     at Process.ChildProcess._handle.onexit (internal/child_process.js:211:5)
19 verbose pkgid elias@1.0.0
20 verbose cwd C:\kidchenko\eliascecon-bot
21 error Windows_NT 10.0.10586
22 error argv "C:\\Program Files\\nodejs\\node.exe" "C:\\Users\\jose.barbosa\\AppData\\Roaming\\npm\\node_modules\\npm\\bin\\npm-cli.js" "start"
23 error node v5.1.0
24 error npm  v3.9.2
25 error code ELIFECYCLE
26 error elias@1.0.0 start: `node dist/index.js`
26 error Exit status 1
27 error Failed at the elias@1.0.0 start script 'node dist/index.js'.
27 error Make sure you have the latest version of node.js and npm installed.
27 error If you do, this is most likely a problem with the elias package,
27 error not with npm itself.
27 error Tell the author that this fails on your system:
27 error     node dist/index.js
27 error You can get information on how to open an issue for this project with:
27 error     npm bugs elias
27 error Or if that isn't available, you can get their info via:
27 error     npm owner ls elias
27 error There is likely additional logging output above.
28 verbose exit [ 1, true ]
